2025-08-20 20:40:40,191 CRIT Server 'unix_http_server' running without any HTTP authentication checking
2025-08-20 20:40:40,193 INFO daemonizing the supervisord process
2025-08-20 20:40:40,193 INFO supervisord started with pid 3420058
2025-08-20 20:43:06,339 WARN received SIGTERM indicating exit request
2025-08-20 20:43:08,023 INFO RPC interface 'supervisor' initialized
2025-08-20 20:43:08,023 CRIT Server 'unix_http_server' running without any HTTP authentication checking
2025-08-20 20:43:08,025 INFO daemonizing the supervisord process
2025-08-20 20:43:08,025 INFO supervisord started with pid 3420273
2025-08-20 20:43:09,030 INFO spawned: 'dummy' with pid 3420277
2025-08-20 20:43:10,032 INFO success: dummy entered RUNNING state, process has stayed up for > than 1 seconds (startsecs)
2025-08-20 20:46:35,403 INFO waiting for dummy to stop
2025-08-20 20:46:35,404 INFO stopped: dummy (terminated by SIGTERM)
2025-08-20 20:46:44,238 INFO spawned: 'dummy' with pid 3420518
2025-08-20 20:46:45,241 INFO success: dummy entered RUNNING state, process has stayed up for > than 1 seconds (startsecs)
2025-08-20 20:46:51,955 INFO waiting for dummy to stop
2025-08-20 20:46:51,956 INFO stopped: dummy (terminated by SIGTERM)
2025-08-20 20:47:19,111 INFO spawned: 'dummy' with pid 3420553
2025-08-20 20:47:20,114 INFO success: dummy entered RUNNING state, process has stayed up for > than 1 seconds (startsecs)
2025-08-20 20:47:46,059 WARN received SIGTERM indicating exit request
2025-08-20 20:47:46,060 INFO waiting for dummy to die
2025-08-20 20:47:46,061 INFO stopped: dummy (terminated by SIGTERM)
2025-08-20 22:04:52,866 INFO RPC interface 'supervisor' initialized
2025-08-20 22:04:52,869 CRIT Server 'unix_http_server' running without any HTTP authentication checking
2025-08-20 22:04:52,869 INFO supervisord started with pid 3433304
2025-08-20 22:04:53,874 INFO spawned: 'dummy' with pid 3433313
2025-08-20 22:04:54,876 INFO success: dummy entered RUNNING state, process has stayed up for > than 1 seconds (startsecs)
2025-08-20 22:05:08,896 WARN received SIGINT indicating exit request
2025-08-20 22:05:08,897 INFO waiting for dummy to die
2025-08-20 22:05:08,897 INFO stopped: dummy (terminated by SIGTERM)
2025-08-21 12:30:02,229 INFO RPC interface 'supervisor' initialized
2025-08-21 12:30:02,231 CRIT Server 'unix_http_server' running without any HTTP authentication checking
2025-08-21 12:30:02,231 INFO supervisord started with pid 2643534
2025-08-21 12:30:03,233 INFO spawned: 'dummy' with pid 2643543
2025-08-21 12:30:04,235 INFO success: dummy entered RUNNING state, process has stayed up for > than 1 seconds (startsecs)
2025-08-21 12:30:05,236 WARN received SIGINT indicating exit request
2025-08-21 12:30:05,236 INFO waiting for dummy to die
2025-08-21 12:30:05,236 INFO stopped: dummy (terminated by SIGTERM)
2025-08-21 12:30:08,019 INFO RPC interface 'supervisor' initialized
2025-08-21 12:30:08,019 CRIT Server 'unix_http_server' running without any HTTP authentication checking
2025-08-21 12:30:08,020 INFO daemonizing the supervisord process
2025-08-21 12:30:08,020 INFO supervisord started with pid 2643551
2025-08-21 12:30:09,023 INFO spawned: 'dummy' with pid 2643556
2025-08-21 12:30:10,024 INFO success: dummy entered RUNNING state, process has stayed up for > than 1 seconds (startsecs)
2025-08-21 12:32:40,746 WARN received SIGTERM indicating exit request
2025-08-21 12:32:40,747 INFO waiting for dummy to die
2025-08-21 12:32:40,749 ERRO Web interface error:Traceback (most recent call last):
  File "/usr/lib/python3/dist-packages/supervisor/web.py", line 49, in more
    response = self.callback()
  File "/usr/lib/python3/dist-packages/supervisor/web.py", line 172, in __call__
    body = self.render()
  File "/usr/lib/python3/dist-packages/supervisor/web.py", line 502, in render
    info = rpcinterface.supervisor.getProcessInfo(sent_name)
  File "/usr/lib/python3/dist-packages/supervisor/rpcinterface.py", line 636, in getProcessInfo
    self._update('getProcessInfo')
  File "/usr/lib/python3/dist-packages/supervisor/rpcinterface.py", line 54, in _update
    raise RPCError(Faults.SHUTDOWN_STATE)
supervisor.xmlrpc.RPCError: code=6, text='SHUTDOWN_STATE'
2025-08-21 12:32:40,749 INFO stopped: dummy (terminated by SIGTERM)
2025-08-21 12:33:15,477 INFO RPC interface 'supervisor' initialized
2025-08-21 12:33:15,478 CRIT Server 'unix_http_server' running without any HTTP authentication checking
2025-08-21 12:33:15,478 INFO supervisord started with pid 2643812
2025-08-21 12:33:16,480 INFO spawned: 'dummy' with pid 2643821
2025-08-21 12:33:17,482 INFO success: dummy entered RUNNING state, process has stayed up for > than 1 seconds (startsecs)
2025-08-21 12:33:21,487 WARN received SIGINT indicating exit request
2025-08-21 12:33:21,488 INFO waiting for dummy to die
2025-08-21 12:33:21,488 INFO stopped: dummy (terminated by SIGTERM)
2025-08-21 12:33:24,510 INFO RPC interface 'supervisor' initialized
2025-08-21 12:33:24,510 CRIT Server 'unix_http_server' running without any HTTP authentication checking
2025-08-21 12:33:24,510 INFO supervisord started with pid 2643833
2025-08-21 12:33:25,512 INFO spawned: 'dummy' with pid 2643836
2025-08-21 12:33:26,514 INFO success: dummy entered RUNNING state, process has stayed up for > than 1 seconds (startsecs)
2025-08-21 12:33:28,517 WARN received SIGINT indicating exit request
2025-08-21 12:33:28,517 INFO waiting for dummy to die
2025-08-21 12:33:28,517 INFO stopped: dummy (terminated by SIGTERM)
